# JRE version: OpenJDK Runtime Environment Temurin-21.0.12.1+1 (21.0.12.1+1) (build 21.0.12.1+1-LTS)
# Java VM: OpenJDK 64-Bit Server VM Temurin-21.0.12.1+1 (21.0.12.1+1-LTS, mixed mode, sharing, tiered, compressed oops, compressed class ptrs, parallel gc, windows-amd64)
GC Precious Log:
 CardTable entry size: 512
 CPUs: 4 total, 4 available
 Memory: 7610M
 Large Page Support: Disabled
 NUMA Support: Disabled
 Compressed Oops: Enabled (32-bit)
 Alignments: Space 512K, Generation 512K, Heap 2M
 Heap Min Capacity: 100M
 Heap Initial Capacity: 100M
 Heap Max Capacity: 2G
 Pre-touch: Disabled
 Parallel Workers: 4
Heap:
 PSYoungGen      total 1536K, used 491K [0x00000000d5580000, 0x00000000d5980000, 0x0000000100000000)
  eden space 1024K, 44% used [0x00000000d5580000,0x00000000d55f2fe8,0x00000000d5680000)
  from space 512K, 6% used [0x00000000d5900000,0x00000000d5908000,0x00000000d5980000)
  to   space 512K, 0% used [0x00000000d5680000,0x00000000d5680000,0x00000000d5700000)
 ParOldGen       total 875520K, used 874458K [0x0000000080000000, 0x00000000b5700000, 0x00000000d5580000)
  object space 875520K, 99% used [0x0000000080000000,0x00000000b55f6b40,0x00000000b5700000)
 Metaspace       used 70456K, committed 71936K, reserved 1114112K
  class space    used 7545K, committed 8192K, reserved 1048576K
GC Heap History (20 events):
Event: 300.305 GC heap before
{Heap before GC invocations=1398 (full 4):
 PSYoungGen      total 3072K, used 2643K [0x00000000d5580000, 0x00000000d5980000, 0x0000000100000000)
  eden space 2048K, 100% used [0x00000000d5580000,0x00000000d5780000,0x00000000d5780000)
  from space 1024K, 58% used [0x00000000d5880000,0x00000000d5914fd0,0x00000000d5980000)
  to   space 1024K, 0% used [0x00000000d5780000,0x00000000d5780000,0x00000000d5880000)
 ParOldGen       total 408064K, used 408006K [0x0000000080000000, 0x0000000098e80000, 0x00000000d5580000)
  object space 408064K, 99% used [0x0000000080000000,0x0000000098e71820,0x0000000098e80000)
 Metaspace       used 70011K, committed 71488K, reserved 1114112K
  class space    used 7500K, committed 8128K, reserved 1048576K
}
Event: 300.315 GC heap after
{Heap after GC invocations=1398 (full 4):
 PSYoungGen      total 3072K, used 1024K [0x00000000d5580000, 0x00000000d5c80000, 0x0000000100000000)
  eden space 2048K, 0% used [0x00000000d5580000,0x00000000d5580000,0x00000000d5780000)
  from space 1024K, 100% used [0x00000000d5780000,0x00000000d5880000,0x00000000d5880000)
  to   space 2560K, 0% used [0x00000000d5a00000,0x00000000d5a00000,0x00000000d5c80000)
 ParOldGen       total 409600K, used 409119K [0x0000000080000000, 0x0000000099000000, 0x00000000d5580000)
  object space 409600K, 99% used [0x0000000080000000,0x0000000098f87e00,0x0000000099000000)
 Metaspace       used 70011K, committed 71488K, reserved 1114112K
  class space    used 7500K, committed 8128K, reserved 1048576K
}
Event: 300.382 GC heap before
{Heap before GC invocations=1399 (full 4):
 PSYoungGen      total 3072K, used 3072K [0x00000000d5580000, 0x00000000d5c80000, 0x0000000100000000)
  eden space 2048K, 100% used [0x00000000d5580000,0x00000000d5780000,0x00000000d5780000)
  from space 1024K, 100% used [0x00000000d5780000,0x00000000d5880000,0x00000000d5880000)
  to   space 2560K, 0% used [0x00000000d5a00000,0x00000000d5a00000,0x00000000d5c80000)
 ParOldGen       total 409600K, used 409119K [0x0000000080000000, 0x0000000099000000, 0x00000000d5580000)
  object space 409600K, 99% used [0x0000000080000000,0x0000000098f87e00,0x0000000099000000)
 Metaspace       used 70031K, committed 71488K, reserved 1114112K
  class space    used 7505K, committed 8128K, reserved 1048576K
}
Event: 300.395 GC heap after
{Heap after GC invocations=1399 (full 4):
 PSYoungGen      total 4096K, used 1812K [0x00000000d5580000, 0x00000000d5c00000, 0x0000000100000000)
  eden space 2048K, 0% used [0x00000000d5580000,0x00000000d5580000,0x00000000d5780000)
  from space 2048K, 88% used [0x00000000d5a00000,0x00000000d5bc5030,0x00000000d5c00000)
  to   space 2048K, 0% used [0x00000000d5800000,0x00000000d5800000,0x00000000d5a00000)
 ParOldGen       total 410624K, used 410135K [0x0000000080000000, 0x0000000099100000, 0x00000000d5580000)
  object space 410624K, 99% used [0x0000000080000000,0x0000000099085e00,0x0000000099100000)
 Metaspace       used 70031K, committed 71488K, reserved 1114112K
  class space    used 7505K, committed 8128K, reserved 1048576K
}
Event: 300.692 GC heap before
{Heap before GC invocations=1400 (full 4):
 PSYoungGen      total 4096K, used 3859K [0x00000000d5580000, 0x00000000d5c00000, 0x0000000100000000)
  eden space 2048K, 99% used [0x00000000d5580000,0x00000000d577fe78,0x00000000d5780000)
  from space 2048K, 88% used [0x00000000d5a00000,0x00000000d5bc5030,0x00000000d5c00000)
  to   space 2048K, 0% used [0x00000000d5800000,0x00000000d5800000,0x00000000d5a00000)
 ParOldGen       total 410624K, used 410135K [0x0000000080000000, 0x0000000099100000, 0x00000000d5580000)
  object space 410624K, 99% used [0x0000000080000000,0x0000000099085e00,0x0000000099100000)
 Metaspace       used 70051K, committed 71552K, reserved 1114112K
  class space    used 7506K, committed 8128K, reserved 1048576K
}
Event: 300.708 GC heap after
{Heap after GC invocations=1400 (full 4):
 PSYoungGen      total 4096K, used 1812K [0x00000000d5580000, 0x00000000d5b80000, 0x0000000100000000)
  eden space 2048K, 0% used [0x00000000d5580000,0x00000000d5580000,0x00000000d5780000)
  from space 2048K, 88% used [0x00000000d5800000,0x00000000d59c50f0,0x00000000d5a00000)
  to   space 1536K, 0% used [0x00000000d5a00000,0x00000000d5a00000,0x00000000d5b80000)
 ParOldGen       total 412160K, used 411859K [0x0000000080000000, 0x0000000099280000, 0x00000000d5580000)
  object space 412160K, 99% used [0x0000000080000000,0x0000000099234c50,0x0000000099280000)
 Metaspace       used 70051K, committed 71552K, reserved 1114112K
  class space    used 7506K, committed 8128K, reserved 1048576K
}
Event: 300.766 GC heap before
{Heap before GC invocations=1401 (full 4):
 PSYoungGen      total 4096K, used 3860K [0x00000000d5580000, 0x00000000d5b80000, 0x0000000100000000)
  eden space 2048K, 100% used [0x00000000d5580000,0x00000000d5780000,0x00000000d5780000)
  from space 2048K, 88% used [0x00000000d5800000,0x00000000d59c50f0,0x00000000d5a00000)
  to   space 1536K, 0% used [0x00000000d5a00000,0x00000000d5a00000,0x00000000d5b80000)
 ParOldGen       total 412160K, used 411859K [0x0000000080000000, 0x0000000099280000, 0x00000000d5580000)
  object space 412160K, 99% used [0x0000000080000000,0x0000000099234c50,0x0000000099280000)
 Metaspace       used 70072K, committed 71552K, reserved 1114112K
  class space    used 7507K, committed 8128K, reserved 1048576K
}
Event: 300.789 GC heap after
{Heap after GC invocations=1401 (full 4):
 PSYoungGen      total 2560K, used 1523K [0x00000000d5580000, 0x00000000d5e80000, 0x0000000100000000)
  eden space 1024K, 0% used [0x00000000d5580000,0x00000000d5580000,0x00000000d5680000)
  from space 1536K, 99% used [0x00000000d5a00000,0x00000000d5b7cf60,0x00000000d5b80000)
  to   space 3584K, 0% used [0x00000000d5680000,0x00000000d5680000,0x00000000d5a00000)
 ParOldGen       total 413696K, used 413588K [0x0000000080000000, 0x0000000099400000, 0x00000000d5580000)
  object space 413696K, 99% used [0x0000000080000000,0x00000000993e53a8,0x0000000099400000)
 Metaspace       used 70072K, committed 71552K, reserved 1114112K
  class space    used 7507K, committed 8128K, reserved 1048576K
}
Event: 302.019 GC heap before
{Heap before GC invocations=1402 (full 4):
 PSYoungGen      total 2560K, used 2547K [0x00000000d5580000, 0x00000000d5e80000, 0x0000000100000000)
  eden space 1024K, 100% used [0x00000000d5580000,0x00000000d5680000,0x00000000d5680000)
  from space 1536K, 99% used [0x00000000d5a00000,0x00000000d5b7cf60,0x00000000d5b80000)
  to   space 3584K, 0% used [0x00000000d5680000,0x00000000d5680000,0x00000000d5a00000)
 ParOldGen       total 413696K, used 413588K [0x0000000080000000, 0x0000000099400000, 0x00000000d5580000)
  object space 413696K, 99% used [0x0000000080000000,0x00000000993e53a8,0x0000000099400000)
 Metaspace       used 70081K, committed 71552K, reserved 1114112K
  class space    used 7507K, committed 8128K, reserved 1048576K
}
Event: 302.030 GC heap after
{Heap after GC invocations=1402 (full 4):
 PSYoungGen      total 1536K, used 512K [0x00000000d5580000, 0x00000000d5a80000, 0x0000000100000000)
  eden space 1024K, 0% used [0x00000000d5580000,0x00000000d5580000,0x00000000d5680000)
  from space 512K, 100% used [0x00000000d5680000,0x00000000d5700000,0x00000000d5700000)
  to   space 1536K, 0% used [0x00000000d5900000,0x00000000d5900000,0x00000000d5a80000)
 ParOldGen       total 415232K, used 415097K [0x0000000080000000, 0x0000000099580000, 0x00000000d5580000)
  object space 415232K, 99% used [0x0000000080000000,0x000000009955e570,0x0000000099580000)
 Metaspace       used 70081K, committed 71552K, reserved 1114112K
  class space    used 7507K, committed 8128K, reserved 1048576K
}
Event: 306.068 GC heap before
{Heap before GC invocations=1403 (full 4):
 PSYoungGen      total 1536K, used 1535K [0x00000000d5580000, 0x00000000d5a80000, 0x0000000100000000)
  eden space 1024K, 99% used [0x00000000d5580000,0x00000000d567ff88,0x00000000d5680000)
  from space 512K, 100% used [0x00000000d5680000,0x00000000d5700000,0x00000000d5700000)
  to   space 1536K, 0% used [0x00000000d5900000,0x00000000d5900000,0x00000000d5a80000)
 ParOldGen       total 415232K, used 415097K [0x0000000080000000, 0x0000000099580000, 0x00000000d5580000)
  object space 415232K, 99% used [0x0000000080000000,0x000000009955e570,0x0000000099580000)
 Metaspace       used 70104K, committed 71552K, reserved 1114112K
  class space    used 7508K, committed 8128K, reserved 1048576K
}
Event: 306.079 GC heap after
{Heap after GC invocations=1403 (full 4):
 PSYoungGen      total 1536K, used 128K [0x00000000d5580000, 0x00000000d5980000, 0x0000000100000000)
  eden space 1024K, 0% used [0x00000000d5580000,0x00000000d5580000,0x00000000d5680000)
  from space 512K, 25% used [0x00000000d5900000,0x00000000d5920000,0x00000000d5980000)
  to   space 512K, 0% used [0x00000000d5680000,0x00000000d5680000,0x00000000d5700000)
 ParOldGen       total 415744K, used 415479K [0x0000000080000000, 0x0000000099600000, 0x00000000d5580000)
  object space 415744K, 99% used [0x0000000080000000,0x00000000995bdd00,0x0000000099600000)
 Metaspace       used 70104K, committed 71552K, reserved 1114112K
  class space    used 7508K, committed 8128K, reserved 1048576K
}
Event: 306.345 GC heap before
{Heap before GC invocations=1404 (full 4):
 PSYoungGen      total 1536K, used 1151K [0x00000000d5580000, 0x00000000d5980000, 0x0000000100000000)
  eden space 1024K, 99% used [0x00000000d5580000,0x00000000d567ffa0,0x00000000d5680000)
  from space 512K, 25% used [0x00000000d5900000,0x00000000d5920000,0x00000000d5980000)
  to   space 512K, 0% used [0x00000000d5680000,0x00000000d5680000,0x00000000d5700000)
 ParOldGen       total 415744K, used 415479K [0x0000000080000000, 0x0000000099600000, 0x00000000d5580000)
  object space 415744K, 99% used [0x0000000080000000,0x00000000995bdd00,0x0000000099600000)
 Metaspace       used 70154K, committed 71616K, reserved 1114112K
  class space    used 7509K, committed 8128K, reserved 1048576K
}
Event: 306.349 GC heap after
{Heap after GC invocations=1404 (full 4):
 PSYoungGen      total 1536K, used 128K [0x00000000d5580000, 0x00000000d5980000, 0x0000000100000000)
  eden space 1024K, 0% used [0x00000000d5580000,0x00000000d5580000,0x00000000d5680000)
  from space 512K, 25% used [0x00000000d5680000,0x00000000d56a0000,0x00000000d5700000)
  to   space 512K, 0% used [0x00000000d5900000,0x00000000d5900000,0x00000000d5980000)
 ParOldGen       total 415744K, used 415527K [0x0000000080000000, 0x0000000099600000, 0x00000000d5580000)
  object space 415744K, 99% used [0x0000000080000000,0x00000000995c9d00,0x0000000099600000)
 Metaspace       used 70154K, committed 71616K, reserved 1114112K
  class space    used 7509K, committed 8128K, reserved 1048576K
}
Event: 477.090 GC heap before
{Heap before GC invocations=1405 (full 4):
 PSYoungGen      total 1536K, used 1152K [0x00000000d5580000, 0x00000000d5980000, 0x0000000100000000)
  eden space 1024K, 100% used [0x00000000d5580000,0x00000000d5680000,0x00000000d5680000)
  from space 512K, 25% used [0x00000000d5680000,0x00000000d56a0000,0x00000000d5700000)
  to   space 512K, 0% used [0x00000000d5900000,0x00000000d5900000,0x00000000d5980000)
 ParOldGen       total 415744K, used 415527K [0x0000000080000000, 0x0000000099600000, 0x00000000d5580000)
  object space 415744K, 99% used [0x0000000080000000,0x00000000995c9d00,0x0000000099600000)
 Metaspace       used 70164K, committed 71616K, reserved 1114112K
  class space    used 7510K, committed 8128K, reserved 1048576K
}
Event: 477.096 GC heap after
{Heap after GC invocations=1405 (full 4):
 PSYoungGen      total 1536K, used 128K [0x00000000d5580000, 0x00000000d5980000, 0x0000000100000000)
  eden space 1024K, 0% used [0x00000000d5580000,0x00000000d5580000,0x00000000d5680000)
  from space 512K, 25% used [0x00000000d5900000,0x00000000d5920000,0x00000000d5980000)
  to   space 512K, 0% used [0x00000000d5680000,0x00000000d5680000,0x00000000d5700000)
 ParOldGen       total 415744K, used 415567K [0x0000000080000000, 0x0000000099600000, 0x00000000d5580000)
  object space 415744K, 99% used [0x0000000080000000,0x00000000995d3d00,0x0000000099600000)
 Metaspace       used 70164K, committed 71616K, reserved 1114112K
  class space    used 7510K, committed 8128K, reserved 1048576K
}
Event: 1073.141 GC heap before
{Heap before GC invocations=1406 (full 4):
 PSYoungGen      total 1536K, used 1145K [0x00000000d5580000, 0x00000000d5980000, 0x0000000100000000)
  eden space 1024K, 99% used [0x00000000d5580000,0x00000000d567e708,0x00000000d5680000)
  from space 512K, 25% used [0x00000000d5900000,0x00000000d5920000,0x00000000d5980000)
  to   space 512K, 0% used [0x00000000d5680000,0x00000000d5680000,0x00000000d5700000)
 ParOldGen       total 875520K, used 874322K [0x0000000080000000, 0x00000000b5700000, 0x00000000d5580000)
  object space 875520K, 99% used [0x0000000080000000,0x00000000b55d4b20,0x00000000b5700000)
 Metaspace       used 70241K, committed 71744K, reserved 1114112K
  class space    used 7522K, committed 8192K, reserved 1048576K
}
Event: 1073.363 GC heap after
{Heap after GC invocations=1406 (full 4):
 PSYoungGen      total 1536K, used 192K [0x00000000d5580000, 0x00000000d5980000, 0x0000000100000000)
  eden space 1024K, 0% used [0x00000000d5580000,0x00000000d5580000,0x00000000d5680000)
  from space 512K, 37% used [0x00000000d5680000,0x00000000d56b0020,0x00000000d5700000)
  to   space 512K, 0% used [0x00000000d5900000,0x00000000d5900000,0x00000000d5980000)
 ParOldGen       total 875520K, used 874362K [0x0000000080000000, 0x00000000b5700000, 0x00000000d5580000)
  object space 875520K, 99% used [0x0000000080000000,0x00000000b55deb20,0x00000000b5700000)
 Metaspace       used 70241K, committed 71744K, reserved 1114112K
  class space    used 7522K, committed 8192K, reserved 1048576K
}
Event: 1073.635 GC heap before
{Heap before GC invocations=1407 (full 4):
 PSYoungGen      total 1536K, used 1216K [0x00000000d5580000, 0x00000000d5980000, 0x0000000100000000)
  eden space 1024K, 100% used [0x00000000d5580000,0x00000000d5680000,0x00000000d5680000)
  from space 512K, 37% used [0x00000000d5680000,0x00000000d56b0020,0x00000000d5700000)
  to   space 512K, 0% used [0x00000000d5900000,0x00000000d5900000,0x00000000d5980000)
 ParOldGen       total 875520K, used 874362K [0x0000000080000000, 0x00000000b5700000, 0x00000000d5580000)
  object space 875520K, 99% used [0x0000000080000000,0x00000000b55deb20,0x00000000b5700000)
 Metaspace       used 70394K, committed 71872K, reserved 1114112K
  class space    used 7536K, committed 8192K, reserved 1048576K
}
Event: 1073.643 GC heap after
{Heap after GC invocations=1407 (full 4):
 PSYoungGen      total 1536K, used 32K [0x00000000d5580000, 0x00000000d5980000, 0x0000000100000000)
  eden space 1024K, 0% used [0x00000000d5580000,0x00000000d5580000,0x00000000d5680000)
  from space 512K, 6% used [0x00000000d5900000,0x00000000d5908000,0x00000000d5980000)
  to   space 512K, 0% used [0x00000000d5680000,0x00000000d5680000,0x00000000d5700000)
 ParOldGen       total 875520K, used 874458K [0x0000000080000000, 0x00000000b5700000, 0x00000000d5580000)
  object space 875520K, 99% used [0x0000000080000000,0x00000000b55f6b40,0x00000000b5700000)
 Metaspace       used 70394K, committed 71872K, reserved 1114112K
  class space    used 7536K, committed 8192K, reserved 1048576K
}

